2021-05-04 16:07:35,823 - elsapy.elsclient - INFO - Module loaded.
2021-05-04 16:09:25,181 - elsapy.elsentity - INFO - Module loaded.
2021-05-04 16:09:25,185 - elsapy.utils - INFO - Module loaded.
2021-05-04 16:09:25,187 - elsapy.elsprofile - INFO - Module loaded.
2021-05-04 16:09:25,190 - elsapy.elsdoc - INFO - Module loaded.
2021-05-04 16:09:25,194 - elsapy.elssearch - INFO - Module loaded.
2021-05-04 16:17:17,984 - elsapy.elsclient - INFO - Sending GET request to https://api.elsevier.com/content/author/author_id/7004367821
2021-05-04 16:17:18,662 - elsapy.elsentity - INFO - Data loaded for https://api.elsevier.com/content/author/author_id/7004367821
2021-05-04 16:17:18,673 - elsapy.elsentity - INFO - Wrote https://api.elsevier.com/content/author/author_id/7004367821 to file
2021-05-04 16:17:26,445 - elsapy.elsclient - INFO - Sending GET request to https://api.elsevier.com/content/affiliation/affiliation_id/60101411
2021-05-04 16:17:26,892 - elsapy.elsentity - INFO - Data loaded for https://api.elsevier.com/content/affiliation/affiliation_id/60101411
2021-05-04 16:17:26,896 - elsapy.elsentity - INFO - Wrote https://api.elsevier.com/content/affiliation/affiliation_id/60101411 to file
2021-05-04 16:17:31,257 - elsapy.elsclient - INFO - Sending GET request to https://api.elsevier.com/content/abstract/scopus_id/84872135457
2021-05-04 16:17:31,824 - elsapy.elsentity - INFO - Data loaded for https://api.elsevier.com/content/abstract/scopus_id/84872135457
2021-05-04 16:17:31,848 - elsapy.elsentity - INFO - Wrote https://api.elsevier.com/content/abstract/scopus_id/84872135457 to file
2021-05-04 16:17:32,823 - elsapy.elsclient - INFO - Sending GET request to https://api.elsevier.com/content/article/pii/S1674927814000082
2021-05-04 16:17:33,590 - elsapy.elsentity - INFO - Data loaded for https://api.elsevier.com/content/article/pii/S1674927814000082
2021-05-04 16:17:33,597 - elsapy.elsentity - INFO - Wrote https://api.elsevier.com/content/article/pii/S1674927814000082 to file
2021-05-04 16:17:34,591 - elsapy.elsclient - INFO - Sending GET request to https://api.elsevier.com/content/article/doi/10.1016/S1525-1578(10)60571-5
2021-05-04 16:17:35,550 - elsapy.elsentity - INFO - Data loaded for https://api.elsevier.com/content/article/doi/10.1016/S1525-1578(10)60571-5
2021-05-04 16:17:35,556 - elsapy.elsentity - INFO - Wrote https://api.elsevier.com/content/article/doi/10.1016/S1525-1578(10)60571-5 to file
2021-05-04 16:17:46,465 - elsapy.elsclient - INFO - Sending GET request to https://api.elsevier.com/content/article/doi/10.1016/S1525-1578(10)60571-5
2021-05-04 16:17:48,282 - elsapy.elsentity - INFO - Data loaded for https://api.elsevier.com/content/article/doi/10.1016/S1525-1578(10)60571-5
2021-05-04 16:17:48,291 - elsapy.elsentity - INFO - Wrote https://api.elsevier.com/content/article/doi/10.1016/S1525-1578(10)60571-5 to file
2021-05-04 16:20:11,932 - elsapy.elsentity - INFO - Wrote https://api.elsevier.com/content/abstract/scopus_id/84872135457 to file
2021-05-04 16:23:08,769 - elsapy.elsclient - INFO - Sending GET request to https://api.elsevier.com/content/abstract/scopus_id/84872135457
2021-05-04 16:23:09,460 - elsapy.elsentity - INFO - Data loaded for https://api.elsevier.com/content/abstract/scopus_id/84872135457
2021-05-04 16:23:09,498 - elsapy.elsentity - INFO - Wrote https://api.elsevier.com/content/abstract/scopus_id/84872135457 to file
2021-05-04 16:23:13,591 - elsapy.elsentity - INFO - Module loaded.
2021-05-04 16:23:13,592 - elsapy.elsdoc - INFO - Module loaded.
2021-05-04 16:23:13,596 - elsapy.elsclient - INFO - Module loaded.
2021-05-04 16:26:34,569 - elsapy.elsclient - INFO - Sending GET request to https://api.elsevier.com/content/article/doi/10.1016/S1525-1578(10)60571-5
2021-05-04 16:26:35,343 - elsapy.elsentity - INFO - Data loaded for https://api.elsevier.com/content/article/doi/10.1016/S1525-1578(10)60571-5
2021-05-04 16:26:35,348 - elsapy.elsentity - INFO - Wrote https://api.elsevier.com/content/article/doi/10.1016/S1525-1578(10)60571-5 to file
